[debug] [2023-08-08T10:19:34.184Z] ----------------------------------------------------------------------
[debug] [2023-08-08T10:19:34.186Z] Command:       C:\Program Files\nodejs\node.exe C:\Users\atees\AppData\Roaming\npm\node_modules\firebase-tools\lib\bin\firebase.js init
[debug] [2023-08-08T10:19:34.186Z] CLI Version:   12.4.7
[debug] [2023-08-08T10:19:34.187Z] Platform:      win32
[debug] [2023-08-08T10:19:34.187Z] Node Version:  v18.16.1
[debug] [2023-08-08T10:19:34.188Z] Time:          Tue Aug 08 2023 10:19:34 GMT+0000 (Coordinated Universal Time)
[debug] [2023-08-08T10:19:34.188Z] ----------------------------------------------------------------------
[debug] 
[debug] [2023-08-08T10:19:34.279Z] Object "" in "firebase.json" has unknown property: {"additionalProperty":"rules"}
[debug] [2023-08-08T10:19:34.284Z] > command requires scopes: ["email","openid","https://www.googleapis.com/auth/cloudplatformprojects.readonly","https://www.googleapis.com/auth/firebase","https://www.googleapis.com/auth/cloud-platform"]
[debug] [2023-08-08T10:19:34.285Z] > authorizing via signed-in user (hesronatee@gmail.com)
[debug] [2023-08-08T10:19:34.286Z] Object "" in "firebase.json" has unknown property: {"additionalProperty":"rules"}
[info] 
     ######## #### ########  ######## ########     ###     ######  ########
     ##        ##  ##     ## ##       ##     ##  ##   ##  ##       ##
     ######    ##  ########  ######   ########  #########  ######  ######
     ##        ##  ##    ##  ##       ##     ## ##     ##       ## ##
     ##       #### ##     ## ######## ########  ##     ##  ######  ########

You're about to initialize a Firebase project in this directory:

  C:\Users\atees\VOD

Before we get started, keep in mind:

  * You are initializing within an existing Firebase project directory

[info] 
=== Project Setup
[info] 
[info] First, let's associate this project directory with a Firebase project.
[info] You can create multiple project aliases by running firebase use --add, 
[info] but for now we'll just set up a default project.
[info] 
[debug] [2023-08-08T10:19:41.550Z] Using project from CLI flag: reviewfreak-72d8c
[debug] [2023-08-08T10:19:41.552Z] >>> [apiv2][query] GET https://firebase.googleapis.com/v1beta1/projects/reviewfreak-72d8c [none]
[debug] [2023-08-08T10:19:42.293Z] <<< [apiv2][status] GET https://firebase.googleapis.com/v1beta1/projects/reviewfreak-72d8c 200
[debug] [2023-08-08T10:19:42.294Z] <<< [apiv2][body] GET https://firebase.googleapis.com/v1beta1/projects/reviewfreak-72d8c {"projectId":"reviewfreak-72d8c","projectNumber":"602119515745","displayName":"reviewfreak","name":"projects/reviewfreak-72d8c","resources":{"hostingSite":"reviewfreak-72d8c","realtimeDatabaseInstance":"reviewfreak-72d8c-default-rtdb"},"state":"ACTIVE","etag":"1_14c0f608-3381-4f37-8fe9-ac416ccb80fd"}
[info] i  Using project reviewfreak-72d8c (reviewfreak) 
[info] 
=== Database Setup
[info] i  database: ensuring required API firebasedatabase.googleapis.com is enabled... 
[debug] [2023-08-08T10:19:42.364Z] >>> [apiv2][query] GET https://serviceusage.googleapis.com/v1/projects/reviewfreak-72d8c/services/firebasedatabase.googleapis.com [none]
[debug] [2023-08-08T10:19:42.364Z] >>> [apiv2][(partial)header] GET https://serviceusage.googleapis.com/v1/projects/reviewfreak-72d8c/services/firebasedatabase.googleapis.com x-goog-quota-user=projects/reviewfreak-72d8c
[debug] [2023-08-08T10:19:43.567Z] <<< [apiv2][status] GET https://serviceusage.googleapis.com/v1/projects/reviewfreak-72d8c/services/firebasedatabase.googleapis.com 200
[debug] [2023-08-08T10:19:43.568Z] <<< [apiv2][body] GET https://serviceusage.googleapis.com/v1/projects/reviewfreak-72d8c/services/firebasedatabase.googleapis.com [omitted]
[info] +  database: required API firebasedatabase.googleapis.com is enabled 
[info] 
[debug] [2023-08-08T10:19:43.576Z] >>> [apiv2][query] GET https://firebasedatabase.googleapis.com/v1beta/projects/reviewfreak-72d8c/locations/-/instances/reviewfreak-72d8c-default-rtdb [none]
[debug] [2023-08-08T10:19:45.020Z] <<< [apiv2][status] GET https://firebasedatabase.googleapis.com/v1beta/projects/reviewfreak-72d8c/locations/-/instances/reviewfreak-72d8c-default-rtdb 200
[debug] [2023-08-08T10:19:45.022Z] <<< [apiv2][body] GET https://firebasedatabase.googleapis.com/v1beta/projects/reviewfreak-72d8c/locations/-/instances/reviewfreak-72d8c-default-rtdb {"name":"projects/602119515745/locations/europe-west1/instances/reviewfreak-72d8c-default-rtdb","project":"projects/602119515745","databaseUrl":"https://reviewfreak-72d8c-default-rtdb.europe-west1.firebasedatabase.app","type":"DEFAULT_DATABASE","state":"ACTIVE"}
[info] 
[info] Firebase Realtime Database Security Rules allow you to define how your data should be
[info] structured and when your data can be read from and written to.
[info] 
[debug] [2023-08-08T10:19:45.039Z] >>> [apiv2][query] GET https://reviewfreak-72d8c-default-rtdb.europe-west1.firebasedatabase.app/.settings/rules.json [none]
[debug] [2023-08-08T10:19:45.695Z] <<< [apiv2][status] GET https://reviewfreak-72d8c-default-rtdb.europe-west1.firebasedatabase.app/.settings/rules.json 200
[debug] [2023-08-08T10:19:45.695Z] <<< [apiv2][body] GET https://reviewfreak-72d8c-default-rtdb.europe-west1.firebasedatabase.app/.settings/rules.json [stream]
[debug] [2023-08-08T10:19:46.168Z] TypeError [ERR_INVALID_ARG_TYPE]: The "path" argument must be of type string. Received an instance of Object
    at new NodeError (node:internal/errors:399:5)
    at validateString (node:internal/validators:163:11)
    at Object.join (node:path:429:7)
    at Config.path (C:\Users\atees\AppData\Roaming\npm\node_modules\firebase-tools\lib\config.js:123:45)
    at Config.writeProjectFile (C:\Users\atees\AppData\Roaming\npm\node_modules\firebase-tools\lib\config.js:152:32)
    at writeDBRules (C:\Users\atees\AppData\Roaming\npm\node_modules\firebase-tools\lib\init\features\database.js:33:12)
    at doSetup (C:\Users\atees\AppData\Roaming\npm\node_modules\firebase-tools\lib\init\features\database.js:123:13)
    at process.processTicksAndRejections (node:internal/process/task_queues:95:5)
    at async init (C:\Users\atees\AppData\Roaming\npm\node_modules\firebase-tools\lib\init\index.js:41:9)
[error] 
[error] Error: An unexpected error has occurred.
